\BOOKMARK [1][-]{Doc-Start}{Dedication}{}% 1
\BOOKMARK [1][-]{Doc-Start}{Acknowledgements}{}% 2
\BOOKMARK [1][-]{Doc-Start}{List of Tables}{}% 3
\BOOKMARK [1][-]{Doc-Start}{List of Figures}{}% 4
\BOOKMARK [1][-]{section.1}{Introduction}{}% 5
\BOOKMARK [2][-]{subsection.1.1}{}{section.1}% 6
\BOOKMARK [1][-]{section.2}{Related Work}{}% 7
\BOOKMARK [1][-]{section.3}{System Models and Terms}{}% 8
\BOOKMARK [1][-]{section.4}{Codesign of Software}{}% 9
\BOOKMARK [2][-]{subsection.4.1}{Introduction}{section.4}% 10
\BOOKMARK [2][-]{subsection.4.2}{Related Work}{section.4}% 11
\BOOKMARK [2][-]{subsection.4.3}{Electronics Background}{section.4}% 12
\BOOKMARK [3][-]{subsubsection.4.3.1}{Spatial Parameters}{subsection.4.3}% 13
\BOOKMARK [3][-]{subsubsection.4.3.2}{Assumption of Constant Turn Density}{subsection.4.3}% 14
\BOOKMARK [3][-]{subsubsection.4.3.3}{Inductor Core Composition}{subsection.4.3}% 15
\BOOKMARK [3][-]{subsubsection.4.3.4}{Fault Under Load vs Hard-Switching Fault}{subsection.4.3}% 16
\BOOKMARK [2][-]{subsection.4.4}{Electronic System Model}{section.4}% 17
\BOOKMARK [2][-]{subsection.4.5}{Methods of Protection}{section.4}% 18
\BOOKMARK [3][-]{subsubsection.4.5.1}{Arbitrary Operating Voltage}{subsection.4.5}% 19
\BOOKMARK [3][-]{subsubsection.4.5.2}{Maximum Operating Voltage}{subsection.4.5}% 20
\BOOKMARK [3][-]{subsubsection.4.5.3}{Minimum Time-to-Detection}{subsection.4.5}% 21
\BOOKMARK [2][-]{subsection.4.6}{Real-time System Model}{section.4}% 22
\BOOKMARK [2][-]{subsection.4.7}{Model Optimization}{section.4}% 23
\BOOKMARK [2][-]{subsection.4.8}{Experiments}{section.4}% 24
\BOOKMARK [2][-]{subsection.4.9}{Results}{section.4}% 25
\BOOKMARK [2][-]{subsection.4.10}{Conclusion}{section.4}% 26
\BOOKMARK [1][-]{section.5}{Worst-Case Demand of Engine Control Tasks}{}% 27
\BOOKMARK [1][-]{section.6}{Introduction}{}% 28
\BOOKMARK [1][-]{section.7}{Related Work}{}% 29
\BOOKMARK [1][-]{section.8}{Preliminaries}{}% 30
\BOOKMARK [2][-]{subsection.8.1}{Task Model}{section.8}% 31
\BOOKMARK [2][-]{subsection.8.2}{Minimum Job Inter-arrival Times}{section.8}% 32
\BOOKMARK [2][-]{subsection.8.3}{AVR Task Demand}{section.8}% 33
\BOOKMARK [2][-]{subsection.8.4}{Problem Definition}{section.8}% 34
\BOOKMARK [1][-]{section.9}{Knapsack-based approach for deriving the worst-case demand}{}% 35
\BOOKMARK [1][-]{section.10}{Dominant Speed Sequences}{}% 36
\BOOKMARK [2][-]{subsection.10.1}{Properties of Minimum Inter-arrival Times and Deadlines}{section.10}% 37
\BOOKMARK [2][-]{subsection.10.2}{Speed Sequence Order Transformations}{section.10}% 38
\BOOKMARK [2][-]{subsection.10.3}{Starting Speed of a Dominant Sequence}{section.10}% 39
\BOOKMARK [2][-]{subsection.10.4}{Speeds in Subsequent Modes of a Dominant Sequence}{section.10}% 40
\BOOKMARK [1][-]{section.11}{The Dominant Sequence Set}{}% 41
\BOOKMARK [1][-]{section.12}{Evaluation}{}% 42
\BOOKMARK [1][-]{section.13}{Conclusions and Future Work}{}% 43
\BOOKMARK [1][-]{section.13}{Appendix A}{}% 44
\BOOKMARK [1][-]{figure.19}{Appendix B}{}% 45
\BOOKMARK [1][-]{figure.20}{Appendix C}{}% 46
\BOOKMARK [2][-]{subsection.Alph0.1}{Proof of Property 9}{figure.20}% 47
\BOOKMARK [2][-]{subsection.Alph0.2}{Table of Notation and Units}{figure.20}% 48
\BOOKMARK [1][-]{subsection.Alph0.2}{Appendix Z}{}% 49
\BOOKMARK [1][-]{subsection.Alph0.2}{References}{}% 50
\BOOKMARK [1][-]{subsection.Alph0.2}{Abstract}{}% 51
\BOOKMARK [1][-]{subsection.Alph0.2}{Autobiographical Statement}{}% 52
